[2021-05-15 12:07:47] laravel.EMERGENCY: Unable to create configured logger. Using emergency logger. {"exception":"[object] (InvalidArgumentException(code: 0): Log [] is not defined. at /Users/gtek/_laravel/promachine/vendor/laravel/framework/src/Illuminate/Log/LogManager.php:192)
[stacktrace]
#0 /Users/gtek/_laravel/promachine/vendor/laravel/framework/src/Illuminate/Log/LogManager.php(118): Illuminate\\Log\\LogManager->resolve(NULL)
#1 /Users/gtek/_laravel/promachine/vendor/laravel/framework/src/Illuminate/Log/LogManager.php(98): Illuminate\\Log\\LogManager->get(NULL)
#2 /Users/gtek/_laravel/promachine/vendor/laravel/framework/src/Illuminate/Log/LogManager.php(551): Illuminate\\Log\\LogManager->driver()
#3 /Users/gtek/_laravel/promachine/vendor/laravel/framework/src/Illuminate/Foundation/Exceptions/Handler.php(241): Illuminate\\Log\\LogManager->error('The \"\" director...', Array)
#4 /Users/gtek/_laravel/promachine/vendor/laravel/framework/src/Illuminate/Foundation/Http/Kernel.php(404): Illuminate\\Foundation\\Exceptions\\Handler->report(Object(Symfony\\Component\\Finder\\Exception\\DirectoryNotFoundException))
#5 /Users/gtek/_laravel/promachine/vendor/laravel/framework/src/Illuminate/Foundation/Http/Kernel.php(112): Illuminate\\Foundation\\Http\\Kernel->reportException(Object(Symfony\\Component\\Finder\\Exception\\DirectoryNotFoundException))
#6 /Users/gtek/_laravel/promachine/public/index.php(52): Illuminate\\Foundation\\Http\\Kernel->handle(Object(Illuminate\\Http\\Request))
#7 /Users/gtek/.composer/vendor/laravel/valet/server.php(219): require('/Users/gtek/_la...')
#8 {main}
"} 
[2021-05-15 12:07:47] laravel.ERROR: The "" directory does not exist. {"exception":"[object] (Symfony\\Component\\Finder\\Exception\\DirectoryNotFoundException(code: 0): The \"\" directory does not exist. at /Users/gtek/_laravel/promachine/vendor/symfony/finder/Finder.php:589)
[stacktrace]
#0 /Users/gtek/_laravel/promachine/vendor/laravel/framework/src/Illuminate/Foundation/Bootstrap/LoadConfiguration.php(88): Symfony\\Component\\Finder\\Finder->in(false)
#1 /Users/gtek/_laravel/promachine/vendor/laravel/framework/src/Illuminate/Foundation/Bootstrap/LoadConfiguration.php(65): Illuminate\\Foundation\\Bootstrap\\LoadConfiguration->getConfigurationFiles(Object(Illuminate\\Foundation\\Application))
#2 /Users/gtek/_laravel/promachine/vendor/laravel/framework/src/Illuminate/Foundation/Bootstrap/LoadConfiguration.php(39): Illuminate\\Foundation\\Bootstrap\\LoadConfiguration->loadConfigurationFiles(Object(Illuminate\\Foundation\\Application), Object(Illuminate\\Config\\Repository))
#3 /Users/gtek/_laravel/promachine/vendor/laravel/framework/src/Illuminate/Foundation/Application.php(237): Illuminate\\Foundation\\Bootstrap\\LoadConfiguration->bootstrap(Object(Illuminate\\Foundation\\Application))
#4 /Users/gtek/_laravel/promachine/vendor/laravel/framework/src/Illuminate/Foundation/Http/Kernel.php(152): Illuminate\\Foundation\\Application->bootstrapWith(Array)
#5 /Users/gtek/_laravel/promachine/vendor/laravel/framework/src/Illuminate/Foundation/Http/Kernel.php(136): Illuminate\\Foundation\\Http\\Kernel->bootstrap()
#6 /Users/gtek/_laravel/promachine/vendor/laravel/framework/src/Illuminate/Foundation/Http/Kernel.php(110): Illuminate\\Foundation\\Http\\Kernel->sendRequestThroughRouter(Object(Illuminate\\Http\\Request))
#7 /Users/gtek/_laravel/promachine/public/index.php(52): Illuminate\\Foundation\\Http\\Kernel->handle(Object(Illuminate\\Http\\Request))
#8 /Users/gtek/.composer/vendor/laravel/valet/server.php(219): require('/Users/gtek/_la...')
#9 {main}
"} 
